<?xml version="1.0" encoding="UTF-8"?>
<!-- Generated by org.testng.reporters.JUnitXMLReporter -->
<testsuite hostname="USER-PC" name="Test1" tests="2" failures="1" timestamp="14 Jun 2019 14:52:29 GMT" time="29.491" errors="0">
  <testcase name="ParameterTest1" time="0.128" classname="com.parameter.ParameterTest">
    <failure type="java.lang.IllegalStateException" message="The driver executable does not exist: E:\chromedriver.exe">
      <![CDATA[java.lang.IllegalStateException: The driver executable does not exist: E:\chromedriver.exe
	at com.google.common.base.Preconditions.checkState(Preconditions.java:199)
	at org.openqa.selenium.remote.service.DriverService.checkExecutable(DriverService.java:121)
	at org.openqa.selenium.remote.service.DriverService.findExecutable(DriverService.java:116)
	at org.openqa.selenium.chrome.ChromeDriverService.access$0(ChromeDriverService.java:1)
	at org.openqa.selenium.chrome.ChromeDriverService$Builder.findDefaultExecutable(ChromeDriverService.java:137)
	at org.openqa.selenium.remote.service.DriverService$Builder.build(DriverService.java:296)
	at org.openqa.selenium.chrome.ChromeDriverService.createDefaultService(ChromeDriverService.java:88)
	at org.openqa.selenium.chrome.ChromeDriver.<init>(ChromeDriver.java:116)
	at com.parameter.ParameterTest.ParameterTest1(ParameterTest.java:20)
... Removed 24 stack frames]]>
    </failure>
  </testcase> <!-- ParameterTest1 -->
  <testcase name="ParameterTest2" time="29.333" classname="com.parameter.ParameterTest"/>
</testsuite> <!-- Test1 -->
